
> Configure project :app
WARNING: The option setting 'android.disallowKotlinSourceSets=false' is experimental.
The current default is 'true'.

> Task :app:clean
> Task :app:preBuild UP-TO-DATE
> Task :app:preDebugBuild UP-TO-DATE
> Task :app:mergeDebugNativeDebugMetadata NO-SOURCE
> Task :app:generateDebugResources
> Task :app:packageDebugResources
> Task :app:processDebugNavigationResources
> Task :app:parseDebugLocalResources
> Task :app:generateDebugAssets UP-TO-DATE
> Task :app:javaPreCompileDebug
> Task :app:generateDebugRFile
> Task :app:mergeDebugAssets
> Task :app:compressDebugAssets
> Task :app:desugarDebugFileDependencies
> Task :app:checkDebugDuplicateClasses
> Task :app:checkDebugAarMetadata
> Task :app:kspDebugKotlin
> Task :app:mergeExtDexDebug
> Task :app:mapDebugSourceSetPaths
> Task :app:mergeLibDexDebug
> Task :app:compileDebugNavigationResources
> Task :app:createDebugCompatibleScreenManifests
> Task :app:extractDeepLinksDebug
> Task :app:mergeDebugResources
> Task :app:processDebugMainManifest
> Task :app:processDebugManifest
> Task :app:mergeDebugJniLibFolders
> Task :app:mergeDebugNativeLibs
> Task :app:validateSigningDebug
> Task :app:processDebugManifestForPackage

> Task :app:stripDebugDebugSymbols
Unable to strip the following libraries, packaging them as they are: libandroidx.graphics.path.so, libdatastore_shared_counter.so. Run with --info option to learn more.

> Task :app:writeDebugAppMetadata
> Task :app:writeDebugSigningConfigVersions
> Task :app:processDebugResources
> Task :app:compileDebugKotlin
e: file:///K:/MyApplication210/app/src/main/java/com/trackit/ui/main/MainViewModel.kt:21:41 Unresolved reference 'userPreferences'.
e: file:///K:/MyApplication210/app/src/main/java/com/trackit/ui/main/MainViewModel.kt:56:48 Cannot infer type for this parameter. Specify it explicitly.
e: file:///K:/MyApplication210/app/src/main/java/com/trackit/ui/main/MainViewModel.kt:60:50 Cannot infer type for this parameter. Specify it explicitly.
e: file:///K:/MyApplication210/app/src/main/java/com/trackit/ui/main/MainViewModel.kt:61:54 Cannot infer type for this parameter. Specify it explicitly.
e: file:///K:/MyApplication210/app/src/main/java/com/trackit/ui/main/MainViewModel.kt:63:72 Argument type mismatch: actual type is 'Any', but 'String' was expected.
e: file:///K:/MyApplication210/app/src/main/java/com/trackit/ui/main/MainViewModel.kt:63:80 Argument type mismatch: actual type is 'Any', but 'String' was expected.
e: file:///K:/MyApplication210/app/src/main/java/com/trackit/ui/main/MainViewModel.kt:66:57 Cannot infer type for this parameter. Specify it explicitly.
e: file:///K:/MyApplication210/app/src/main/java/com/trackit/ui/main/MainViewModel.kt:67:52 Cannot infer type for this parameter. Specify it explicitly.
e: file:///K:/MyApplication210/app/src/main/java/com/trackit/ui/main/MainViewModel.kt:69:61 Argument type mismatch: actual type is 'Any', but 'String' was expected.
e: file:///K:/MyApplication210/app/src/main/java/com/trackit/ui/onboarding/CustomTimetableEntryScreen.kt:75:30 Unresolved reference 'BorderStroke'.
e: file:///K:/MyApplication210/app/src/main/java/com/trackit/ui/onboarding/CustomTimetableEntryScreen.kt:155:37 Unresolved reference 'outlinedTextFieldColors'.
e: file:///K:/MyApplication210/app/src/main/java/com/trackit/ui/onboarding/NameEntryScreen.kt:68:40 Unresolved reference 'outlinedTextFieldColors'.
e: file:///K:/MyApplication210/app/src/main/java/com/trackit/ui/onboarding/OnboardingViewModel.kt:18:42 Unresolved reference 'repository'.

> Task :app:compileDebugKotlin FAILED

FAILURE: Build failed with an exception.

* What went wrong:
Execution failed for task ':app:compileDebugKotlin'.
> A failure occurred while executing org.jetbrains.kotlin.compilerRunner.GradleCompilerRunnerWithWorkers$GradleKotlinCompilerWorkAction
   > Compilation error. See log for more details

* Try:
> Run with --stacktrace option to get the stack trace.
> Run with --info or --debug option to get more log output.
> Run with --scan to get full insights from a Build Scan (powered by Develocity).
> Get more help at https://help.gradle.org.

BUILD FAILED in 2m 15s
31 actionable tasks: 31 executed
